<?xml version="1.0" encoding="UTF-8"?>
<!-- Generated by org.testng.reporters.JUnitXMLReporter -->
<testsuite ignored="0" hostname="DESKTOP-HSMH7BK" failures="0" tests="4" name="Default test" time="14.785" errors="0" timestamp="2020-10-12T18:53:12 IST">
  <testcase classname="com.qa.tests.APITest" name="AddPlaceInGoogleMap" time="7.229"/>
  <testcase classname="com.qa.tests.APITest" name="DisplayPlaceInGoogleMap" time="1.72"/>
  <testcase classname="com.qa.tests.APITest" name="UpdatePlaceInGoogleMap" time="3.927"/>
  <testcase classname="com.qa.tests.APITest" name="DeletePlaceInGoogleMap" time="1.789"/>
</testsuite> <!-- Default test -->
