<?xml version="1.0" encoding="UTF-8"?>
<testng-results ignored="0" total="4" passed="4" failed="0" skipped="0">
  <reporter-output>
  </reporter-output>
  <suite started-at="2020-10-12T18:52:57 IST" name="Default suite" finished-at="2020-10-12T18:53:12 IST" duration-ms="14785">
    <groups>
    </groups>
    <test started-at="2020-10-12T18:52:57 IST" name="Default test" finished-at="2020-10-12T18:53:12 IST" duration-ms="14785">
      <class name="com.qa.tests.APITest">
        <test-method signature="AddPlaceInGoogleMap()[pri:1, instance:com.qa.tests.APITest@3541cb24]" started-at="2020-10-12T18:52:57 IST" name="AddPlaceInGoogleMap" finished-at="2020-10-12T18:53:04 IST" duration-ms="7229" status="PASS">
          <reporter-output>
          </reporter-output>
        </test-method> <!-- AddPlaceInGoogleMap -->
        <test-method signature="DisplayPlaceInGoogleMap()[pri:2, instance:com.qa.tests.APITest@3541cb24]" started-at="2020-10-12T18:53:04 IST" name="DisplayPlaceInGoogleMap" finished-at="2020-10-12T18:53:06 IST" duration-ms="1720" status="PASS">
          <reporter-output>
          </reporter-output>
        </test-method> <!-- DisplayPlaceInGoogleMap -->
        <test-method signature="UpdatePlaceInGoogleMap()[pri:3, instance:com.qa.tests.APITest@3541cb24]" started-at="2020-10-12T18:53:06 IST" name="UpdatePlaceInGoogleMap" finished-at="2020-10-12T18:53:10 IST" duration-ms="3927" status="PASS">
          <reporter-output>
          </reporter-output>
        </test-method> <!-- UpdatePlaceInGoogleMap -->
        <test-method signature="DeletePlaceInGoogleMap()[pri:4, instance:com.qa.tests.APITest@3541cb24]" started-at="2020-10-12T18:53:10 IST" name="DeletePlaceInGoogleMap" finished-at="2020-10-12T18:53:12 IST" duration-ms="1789" status="PASS">
          <reporter-output>
          </reporter-output>
        </test-method> <!-- DeletePlaceInGoogleMap -->
      </class> <!-- com.qa.tests.APITest -->
    </test> <!-- Default test -->
  </suite> <!-- Default suite -->
</testng-results>
